<?xml version="1.0" encoding="UTF-8"?>
<coverage generated="1724875304227" clover="3.2.0">
  <project timestamp="1724875304227" name="All files">
    <metrics statements="14" coveredstatements="13" conditionals="5" coveredconditionals="3" methods="4" coveredmethods="4" elements="23" coveredelements="20" complexity="0" loc="14" ncloc="14" packages="1" files="1" classes="1"/>
    <file name="index.ts" path="/Users/nikitazanella/Documents/Github/ink/src/index.ts">
      <metrics statements="14" coveredstatements="13" conditionals="5" coveredconditionals="3" methods="4" coveredmethods="4"/>
      <line num="1" count="1" type="stmt"/>
      <line num="47" count="1" type="stmt"/>
      <line num="48" count="7" type="cond" truecount="1" falsecount="0"/>
      <line num="49" count="1" type="stmt"/>
      <line num="51" count="6" type="stmt"/>
      <line num="52" count="8" type="cond" truecount="1" falsecount="1"/>
      <line num="54" count="6" type="stmt"/>
      <line num="57" count="1" type="stmt"/>
      <line num="59" count="15" type="cond" truecount="0" falsecount="1"/>
      <line num="60" count="0" type="stmt"/>
      <line num="62" count="15" type="cond" truecount="1" falsecount="0"/>
      <line num="63" count="7" type="stmt"/>
      <line num="65" count="8" type="stmt"/>
      <line num="69" count="1" type="stmt"/>
    </file>
  </project>
</coverage>
