{"/Users/nikitazanella/Documents/Github/ink/src/index.ts": {"path":"/Users/nikitazanella/Documents/Github/ink/src/index.ts","statementMap":{"0":{"start":{"line":1,"column":42},"end":{"line":44,"column":2}},"1":{"start":{"line":47,"column":17},"end":{"line":55,"column":1}},"2":{"start":{"line":48,"column":2},"end":{"line":50,"column":3}},"3":{"start":{"line":49,"column":4},"end":{"line":49,"column":16}},"4":{"start":{"line":51,"column":21},"end":{"line":53,"column":13}},"5":{"start":{"line":52,"column":20},"end":{"line":52,"column":49}},"6":{"start":{"line":54,"column":2},"end":{"line":54,"column":47}},"7":{"start":{"line":57,"column":16},"end":{"line":67,"column":2}},"8":{"start":{"line":59,"column":4},"end":{"line":61,"column":5}},"9":{"start":{"line":60,"column":6},"end":{"line":60,"column":26}},"10":{"start":{"line":62,"column":4},"end":{"line":64,"column":5}},"11":{"start":{"line":63,"column":6},"end":{"line":63,"column":61}},"12":{"start":{"line":63,"column":31},"end":{"line":63,"column":60}},"13":{"start":{"line":65,"column":4},"end":{"line":65,"column":68}},"14":{"start":{"line":69,"column":13},"end":{"line":69,"column":58}}},"fnMap":{"0":{"name":"(anonymous_0)","decl":{"start":{"line":47,"column":17},"end":{"line":47,"column":18}},"loc":{"start":{"line":47,"column":56},"end":{"line":55,"column":1}}},"1":{"name":"(anonymous_1)","decl":{"start":{"line":52,"column":9},"end":{"line":52,"column":10}},"loc":{"start":{"line":52,"column":20},"end":{"line":52,"column":49}}},"2":{"name":"(anonymous_2)","decl":{"start":{"line":58,"column":2},"end":{"line":58,"column":5}},"loc":{"start":{"line":58,"column":31},"end":{"line":66,"column":3}}},"3":{"name":"(anonymous_3)","decl":{"start":{"line":63,"column":13},"end":{"line":63,"column":14}},"loc":{"start":{"line":63,"column":31},"end":{"line":63,"column":60}}}},"branchMap":{"0":{"loc":{"start":{"line":48,"column":2},"end":{"line":50,"column":3}},"type":"if","locations":[{"start":{"line":48,"column":2},"end":{"line":50,"column":3}}]},"1":{"loc":{"start":{"line":52,"column":20},"end":{"line":52,"column":49}},"type":"binary-expr","locations":[{"start":{"line":52,"column":20},"end":{"line":52,"column":33}},{"start":{"line":52,"column":37},"end":{"line":52,"column":49}}]},"2":{"loc":{"start":{"line":59,"column":4},"end":{"line":61,"column":5}},"type":"if","locations":[{"start":{"line":59,"column":4},"end":{"line":61,"column":5}}]},"3":{"loc":{"start":{"line":62,"column":4},"end":{"line":64,"column":5}},"type":"if","locations":[{"start":{"line":62,"column":4},"end":{"line":64,"column":5}}]}},"s":{"0":1,"1":1,"2":7,"3":1,"4":6,"5":8,"6":6,"7":1,"8":15,"9":0,"10":15,"11":7,"12":7,"13":8,"14":1},"f":{"0":7,"1":8,"2":15,"3":7},"b":{"0":[1],"1":[8,0],"2":[0],"3":[7]}}
}
